<?xml version="1.0" encoding="UTF-8" standalone="no"?><testsuite errors="1" failures="0" name="choose destination" skipped="0" tests="1" time="0.33" timestamp="2023-07-14 02:04:15"><testcase name="user chooses the destination he wants"><error message="Step [user is in the escaped page] is defined with 1 parameters at 'stepdefinition.StepDefinitionsGeneral.userIsInTheEscapedPage(net.serenitybdd.screenplay.Actor)'.&#10;However, the gherkin stepdefinition has 0 arguments.&#10;Step text: user is in the escaped page" type="io.cucumber.core.exception.CucumberException">Step
    [user is in the escaped page] is defined with 1 parameters at
    'stepdefinition.StepDefinitionsGeneral.userIsInTheEscapedPage(net.serenitybdd.screenplay.Actor)'.
    However, the gherkin stepdefinition has 0 arguments.
    Step text: user is in the escaped page</error><system-err>Step [user is in the escaped page] is defined with 1
    parameters at 'stepdefinition.StepDefinitionsGeneral.userIsInTheEscapedPage(net.serenitybdd.screenplay.Actor)'.
    However, the gherkin stepdefinition has 0 arguments.
    Step text: user is in the escaped page&#13;
    io.cucumber.core.runner.PickleStepDefinitionMatch.arityMismatch(PickleStepDefinitionMatch.java:83)&#13;
    io.cucumber.core.runner.PickleStepDefinitionMatch.runStep(PickleStepDefinitionMatch.java:42)&#13;
    io.cucumber.core.runner.TestStep.executeStep(TestStep.java:84)&#13;
    io.cucumber.core.runner.TestStep.run(TestStep.java:56)&#13;
    io.cucumber.core.runner.PickleStepTestStep.run(PickleStepTestStep.java:51)&#13;
    io.cucumber.core.runner.TestCase.run(TestCase.java:84)&#13;
    io.cucumber.core.runner.Runner.runPickle(Runner.java:75)&#13;
    io.cucumber.core.runtime.CucumberExecutionContext.lambda$runTestCase$5(CucumberExecutionContext.java:130)&#13;
    io.cucumber.core.runtime.RethrowingThrowableCollector.executeAndThrow(RethrowingThrowableCollector.java:23)&#13;
    io.cucumber.core.runtime.CucumberExecutionContext.runTestCase(CucumberExecutionContext.java:130)&#13;
    io.cucumber.junit.FeatureRunner.runChild(FeatureRunner.java:144)&#13;
    io.cucumber.junit.FeatureRunner.runChild(FeatureRunner.java:28)&#13;
    io.cucumber.junit.FeatureRunner.run(FeatureRunner.java:137)&#13;
    io.cucumber.junit.CucumberSerenityBaseRunner.runChild(CucumberSerenityBaseRunner.java:330)&#13;
    io.cucumber.junit.CucumberSerenityBaseRunner.runChild(CucumberSerenityBaseRunner.java:51)&#13;
    worker.org.gradle.process.internal.worker.GradleWorkerMain.run(GradleWorkerMain.java:69)&#13;
    worker.org.gradle.process.internal.worker.GradleWorkerMain.main(GradleWorkerMain.java:74)&#13;
</system-err></testcase></testsuite>